Id: 		1
Winner: 	12243
Target: 	12003
Solution: 	02189459 (validated)
Votes: 		1/6
Wallets: 	12243:1

Id: 		2
Winner: 	12243
Target: 	2189459
Solution: 	00389404 (validated)
Votes: 		2/6
Wallets: 	12243:2

Id: 		3
Winner: 	12243
Target: 	389404
Solution: 	05571495 (validated)
Votes: 		3/6
Wallets: 	12243:3

Id: 		4
Winner: 	12243
Target: 	5571495
Solution: 	04449275 (validated)
Votes: 		4/6
Wallets: 	12243:4

Id: 		5
Winner: 	12243
Target: 	4449275
Solution: 	00884836 (validated)
Votes: 		5/6
Wallets: 	12243:5

Id: 		6
Winner: 	12243
Target: 	884836
Solution: 	05697737 (validated)
Votes: 		6/6
Wallets: 	12243:6

